<?xml version="1.0" encoding="utf-8"?><testsuites name="pytest tests"><testsuite name="pytest" errors="0" failures="0" skipped="0" tests="28" time="2.764" timestamp="2026-07-27T11:59:53.797690+00:00" hostname="agent-env-0fbe724e-879a-464c-a69d-a4b966d18eb0"><testcase classname="tests.test_snowkap_api.TestResources" name="test_list_all" time="0.219" /><testcase classname="tests.test_snowkap_api.TestAuth" name="test_root" time="0.210" /><testcase classname="tests.test_snowkap_api.TestAuth" name="test_login_success" time="0.280" /><testcase classname="tests.test_snowkap_api.TestResources" name="test_filter_by_type" time="0.894" /><testcase classname="tests.test_snowkap_api.TestAuth" name="test_login_invalid" time="0.310" /><testcase classname="tests.test_snowkap_api.TestAuth" name="test_me_requires_auth" time="0.046" /><testcase classname="tests.test_snowkap_api.TestAuth" name="test_me_with_token" time="0.306" /><testcase classname="tests.test_snowkap_api.TestResources" name="test_get_by_slug" time="0.181" /><testcase classname="tests.test_snowkap_api.TestLeads" name="test_create_lead" time="0.043" /><testcase classname="tests.test_snowkap_api.TestLeads" name="test_list_leads_requires_auth" time="0.050" /><testcase classname="tests.test_snowkap_api.TestLeads" name="test_list_leads" time="0.043" /><testcase classname="tests.test_snowkap_api.TestNewsletter" name="test_subscribe" time="0.042" /><testcase classname="tests.test_snowkap_api.TestResources" name="test_get_404" time="0.065" /><testcase classname="tests.test_snowkap_api.TestNewsletter" name="test_subscribe_missing_role" time="0.082" /><testcase classname="tests.test_snowkap_api.TestResources" name="test_create_requires_auth" time="0.043" /><testcase classname="tests.test_snowkap_api.TestNewsletter" name="test_list_subscribers" time="0.258" /><testcase classname="tests.test_snowkap_api.TestDossier" name="test_save_scaling" time="0.041" /><testcase classname="tests.test_snowkap_api.TestResources" name="test_create_update_delete" time="0.543" /><testcase classname="tests.test_snowkap_api.TestDossier" name="test_save_global" time="0.042" /><testcase classname="tests.test_snowkap_api.TestDossier" name="test_save_default_starter" time="0.084" /><testcase classname="tests.test_snowkap_api.TestProposals" name="test_create_proposal" time="0.041" /><testcase classname="tests.test_snowkap_api.TestProposals" name="test_list_requires_auth" time="0.082" /><testcase classname="tests.test_snowkap_api.TestCbam" name="test_sectors" time="0.046" /><testcase classname="tests.test_snowkap_api.TestProposals" name="test_list_proposals" time="0.084" /><testcase classname="tests.test_snowkap_api.TestCbam" name="test_calc_basic" time="0.046" /><testcase classname="tests.test_snowkap_api.TestCbam" name="test_calc_with_email" time="0.099" /><testcase classname="tests.test_snowkap_api.TestAdminStats" name="test_stats_requires_auth" time="0.042" /><testcase classname="tests.test_snowkap_api.TestAdminStats" name="test_stats" time="0.050" /></testsuite></testsuites>